d:\gitworkdata\personal_suduku\project_sudoku\project_sudoku\debug\project_sudoku.pch
d:\gitworkdata\personal_suduku\project_sudoku\project_sudoku\debug\vc141.pdb
d:\gitworkdata\personal_suduku\project_sudoku\project_sudoku\debug\vc141.idb
d:\gitworkdata\personal_suduku\project_sudoku\project_sudoku\debug\stdafx.obj
d:\gitworkdata\personal_suduku\project_sudoku\project_sudoku\debug\sudoku.obj
d:\gitworkdata\personal_suduku\project_sudoku\project_sudoku\debug\main.obj
d:\gitworkdata\personal_suduku\project_sudoku\project_sudoku\debug\input_control.obj
d:\gitworkdata\personal_suduku\project_sudoku\debug\project_sudoku.exe
d:\gitworkdata\personal_suduku\project_sudoku\debug\project_sudoku.ilk
d:\gitworkdata\personal_suduku\project_sudoku\debug\project_sudoku.pdb
d:\gitworkdata\personal_suduku\project_sudoku\project_sudoku\debug\nativecodeanalysis.read.1.tlog
d:\gitworkdata\personal_suduku\project_sudoku\project_sudoku\debug\input_control.nativecodeanalysis.xml
d:\gitworkdata\personal_suduku\project_sudoku\project_sudoku\debug\main.nativecodeanalysis.xml
d:\gitworkdata\personal_suduku\project_sudoku\project_sudoku\debug\stdafx.nativecodeanalysis.xml
d:\gitworkdata\personal_suduku\project_sudoku\project_sudoku\debug\sudoku.nativecodeanalysis.xml
d:\gitworkdata\personal_suduku\project_sudoku\project_sudoku\debug\vc.nativecodeanalysis.all.xml
d:\gitworkdata\personal_suduku\project_sudoku\debug\project_sudoku.exe.lastcodeanalysissucceeded
d:\gitworkdata\personal_suduku\project_sudoku\project_sudoku\debug\project_sudoku.tlog\cl.command.1.tlog
d:\gitworkdata\personal_suduku\project_sudoku\project_sudoku\debug\project_sudoku.tlog\cl.read.1.tlog
d:\gitworkdata\personal_suduku\project_sudoku\project_sudoku\debug\project_sudoku.tlog\cl.write.1.tlog
d:\gitworkdata\personal_suduku\project_sudoku\project_sudoku\debug\project_sudoku.tlog\link.command.1.tlog
d:\gitworkdata\personal_suduku\project_sudoku\project_sudoku\debug\project_sudoku.tlog\link.read.1.tlog
d:\gitworkdata\personal_suduku\project_sudoku\project_sudoku\debug\project_sudoku.tlog\link.write.1.tlog
